2025-03-17 14:05:13,437 - INFO - Starting backend server at 2025-03-17 14:05:13
2025-03-17 14:05:13,437 - INFO - Python version: 3.13.2 (tags/v3.13.2:4f8bb39, Feb  4 2025, 15:23:48) [MSC v.1942 64 bit (AMD64)]
2025-03-17 14:05:13,857 - INFO - Platform: Windows-11-10.0.22621-SP0
2025-03-17 14:05:13,858 - INFO - Checking for updates...
2025-03-17 14:05:13,859 - INFO - Checking dependencies...
2025-03-17 14:05:15,167 - ERROR - Missing dependencies: python-dotenv (Environment variable management)
2025-03-17 14:05:15,168 - INFO - Please install all dependencies using: pip install -r requirements.txt
2025-03-17 14:05:15,170 - ERROR - Dependency check failed. Please fix the issues above.
2025-03-17 14:08:47,208 - INFO - Starting backend server at 2025-03-17 14:08:47
2025-03-17 14:08:47,208 - INFO - Python version: 3.13.2 (tags/v3.13.2:4f8bb39, Feb  4 2025, 15:23:48) [MSC v.1942 64 bit (AMD64)]
2025-03-17 14:08:47,585 - INFO - Platform: Windows-11-10.0.22621-SP0
2025-03-17 14:08:47,586 - INFO - Checking for updates...
2025-03-17 14:08:47,587 - INFO - Checking dependencies...
2025-03-17 14:08:48,417 - INFO - All required dependencies are installed
2025-03-17 14:08:48,418 - INFO - Checking environment configuration...
2025-03-17 14:08:48,419 - INFO - Environment variables verified
2025-03-17 14:08:50,438 - INFO - Starting API server on port 8000...
2025-03-17 14:16:11,494 - INFO - Starting backend server at 2025-03-17 14:16:11
2025-03-17 14:16:11,494 - INFO - Python version: 3.13.2 (tags/v3.13.2:4f8bb39, Feb  4 2025, 15:23:48) [MSC v.1942 64 bit (AMD64)]
2025-03-17 14:16:11,872 - INFO - Platform: Windows-11-10.0.22621-SP0
2025-03-17 14:16:11,873 - INFO - Checking for updates...
2025-03-17 14:16:11,873 - INFO - Checking dependencies...
2025-03-17 14:16:12,848 - INFO - All required dependencies are installed
2025-03-17 14:16:12,849 - INFO - Checking environment configuration...
2025-03-17 14:16:12,851 - INFO - Environment variables verified
2025-03-17 14:16:14,877 - INFO - Starting API server on port 8000...
